  Generate moc_predefs.h
  Uic'ing mainwindow.ui...
  Moc'ing mainwindow.h...
  Moc'ing renderwindow.h...
  main.cpp
  mainwindow.cpp
  matrix4x4.cpp
  octahedronball.cpp
  renderwindow.cpp
  rollingball.cpp
  shader.cpp
  Tri.cpp
  trianglesurface.cpp
  vertex.cpp
  visualobject.cpp
  xyz.cpp
C:\Users\Eddy-LAPTOP\Desktop\VSIM101_H22_Rulleball0\VISM-Oblig3\rollingball.cpp(1,1): warning C4828: The file contains a character starting at offset 0x25e that is illegal in the current source character set (codepage 65001).
C:\Users\Eddy-LAPTOP\Desktop\VSIM101_H22_Rulleball0\VISM-Oblig3\rollingball.cpp(1,1): warning C4828: The file contains a character starting at offset 0x27f that is illegal in the current source character set (codepage 65001).
C:\Users\Eddy-LAPTOP\Desktop\VSIM101_H22_Rulleball0\VISM-Oblig3\rollingball.cpp(1,1): warning C4828: The file contains a character starting at offset 0x282 that is illegal in the current source character set (codepage 65001).
C:\Users\Eddy-LAPTOP\Desktop\VSIM101_H22_Rulleball0\VISM-Oblig3\Matrix4x4\matrix4x4.cpp(17,38): warning C4305: 'initializing': truncation from 'double' to 'float'
C:\Users\Eddy-LAPTOP\Desktop\VSIM101_H22_Rulleball0\VISM-Oblig3\Matrix4x4\matrix4x4.cpp(154,14): warning C4244: 'initializing': conversion from 'double' to 'float', possible loss of data
C:\Users\Eddy-LAPTOP\Desktop\VSIM101_H22_Rulleball0\VISM-Oblig3\visualobject.h(24,29): warning C4100: 'dt': unreferenced formal parameter (compiling source file octahedronball.cpp)
C:\Users\Eddy-LAPTOP\Desktop\VSIM101_H22_Rulleball0\VISM-Oblig3\visualobject.h(25,49): warning C4100: 'dz': unreferenced formal parameter (compiling source file octahedronball.cpp)
C:\Users\Eddy-LAPTOP\Desktop\VSIM101_H22_Rulleball0\VISM-Oblig3\visualobject.h(25,39): warning C4100: 'dy': unreferenced formal parameter (compiling source file octahedronball.cpp)
C:\Users\Eddy-LAPTOP\Desktop\VSIM101_H22_Rulleball0\VISM-Oblig3\visualobject.h(25,29): warning C4100: 'dx': unreferenced formal parameter (compiling source file octahedronball.cpp)
C:\Users\Eddy-LAPTOP\Desktop\VSIM101_H22_Rulleball0\VISM-Oblig3\octahedronball.cpp(151,50): warning C4267: 'argument': conversion from 'size_t' to 'GLsizei', possible loss of data
C:\Users\Eddy-LAPTOP\Desktop\VSIM101_H22_Rulleball0\VISM-Oblig3\visualobject.h(24,29): warning C4100: 'dt': unreferenced formal parameter (compiling source file xyz.cpp)
C:\Users\Eddy-LAPTOP\Desktop\VSIM101_H22_Rulleball0\VISM-Oblig3\visualobject.h(25,49): warning C4100: 'dz': unreferenced formal parameter (compiling source file xyz.cpp)
C:\Users\Eddy-LAPTOP\Desktop\VSIM101_H22_Rulleball0\VISM-Oblig3\visualobject.h(25,39): warning C4100: 'dy': unreferenced formal parameter (compiling source file xyz.cpp)
C:\Users\Eddy-LAPTOP\Desktop\VSIM101_H22_Rulleball0\VISM-Oblig3\visualobject.h(25,29): warning C4100: 'dx': unreferenced formal parameter (compiling source file xyz.cpp)
C:\Users\Eddy-LAPTOP\Desktop\VSIM101_H22_Rulleball0\VISM-Oblig3\xyz.cpp(58,47): warning C4267: 'argument': conversion from 'size_t' to 'GLsizei', possible loss of data
C:\Users\Eddy-LAPTOP\Desktop\VSIM101_H22_Rulleball0\VISM-Oblig3\visualobject.h(24,29): warning C4100: 'dt': unreferenced formal parameter (compiling source file visualobject.cpp)
C:\Users\Eddy-LAPTOP\Desktop\VSIM101_H22_Rulleball0\VISM-Oblig3\visualobject.h(25,49): warning C4100: 'dz': unreferenced formal parameter (compiling source file visualobject.cpp)
C:\Users\Eddy-LAPTOP\Desktop\VSIM101_H22_Rulleball0\VISM-Oblig3\visualobject.h(25,39): warning C4100: 'dy': unreferenced formal parameter (compiling source file visualobject.cpp)
C:\Users\Eddy-LAPTOP\Desktop\VSIM101_H22_Rulleball0\VISM-Oblig3\visualobject.h(25,29): warning C4100: 'dx': unreferenced formal parameter (compiling source file visualobject.cpp)
C:\Users\Eddy-LAPTOP\Desktop\VSIM101_H22_Rulleball0\VISM-Oblig3\visualobject.h(24,29): warning C4100: 'dt': unreferenced formal parameter (compiling source file trianglesurface.cpp)
C:\Users\Eddy-LAPTOP\Desktop\VSIM101_H22_Rulleball0\VISM-Oblig3\visualobject.h(25,49): warning C4100: 'dz': unreferenced formal parameter (compiling source file trianglesurface.cpp)
C:\Users\Eddy-LAPTOP\Desktop\VSIM101_H22_Rulleball0\VISM-Oblig3\visualobject.h(25,39): warning C4100: 'dy': unreferenced formal parameter (compiling source file trianglesurface.cpp)
C:\Users\Eddy-LAPTOP\Desktop\VSIM101_H22_Rulleball0\VISM-Oblig3\visualobject.h(25,29): warning C4100: 'dx': unreferenced formal parameter (compiling source file trianglesurface.cpp)
C:\Users\Eddy-LAPTOP\Desktop\VSIM101_H22_Rulleball0\VISM-Oblig3\visualobject.h(24,29): warning C4100: 'dt': unreferenced formal parameter (compiling source file rollingball.cpp)
C:\Users\Eddy-LAPTOP\Desktop\VSIM101_H22_Rulleball0\VISM-Oblig3\visualobject.h(25,49): warning C4100: 'dz': unreferenced formal parameter (compiling source file rollingball.cpp)
C:\Users\Eddy-LAPTOP\Desktop\VSIM101_H22_Rulleball0\VISM-Oblig3\visualobject.h(25,39): warning C4100: 'dy': unreferenced formal parameter (compiling source file rollingball.cpp)
C:\Users\Eddy-LAPTOP\Desktop\VSIM101_H22_Rulleball0\VISM-Oblig3\visualobject.h(25,29): warning C4100: 'dx': unreferenced formal parameter (compiling source file rollingball.cpp)
C:\Users\Eddy-LAPTOP\Desktop\VSIM101_H22_Rulleball0\VISM-Oblig3\rollingball.cpp(13,30): warning C4100: 'dt': unreferenced formal parameter
C:\Users\Eddy-LAPTOP\Desktop\VSIM101_H22_Rulleball0\VISM-Oblig3\rollingball.cpp(82,50): warning C4267: 'argument': conversion from 'size_t' to 'GLsizei', possible loss of data
C:\Users\Eddy-LAPTOP\Desktop\VSIM101_H22_Rulleball0\VISM-Oblig3\trianglesurface.cpp(106,51): warning C4267: 'argument': conversion from 'size_t' to 'GLsizei', possible loss of data
C:\Users\Eddy-LAPTOP\Desktop\VSIM101_H22_Rulleball0\VISM-Oblig3\trianglesurface.cpp(134,28): warning C4305: 'initializing': truncation from 'double' to 'float'
C:\Users\Eddy-LAPTOP\Desktop\VSIM101_H22_Rulleball0\VISM-Oblig3\visualobject.h(24,29): warning C4100: 'dt': unreferenced formal parameter (compiling source file renderwindow.cpp)
C:\Users\Eddy-LAPTOP\Desktop\VSIM101_H22_Rulleball0\VISM-Oblig3\visualobject.h(25,49): warning C4100: 'dz': unreferenced formal parameter (compiling source file renderwindow.cpp)
C:\Users\Eddy-LAPTOP\Desktop\VSIM101_H22_Rulleball0\VISM-Oblig3\visualobject.h(25,39): warning C4100: 'dy': unreferenced formal parameter (compiling source file renderwindow.cpp)
C:\Users\Eddy-LAPTOP\Desktop\VSIM101_H22_Rulleball0\VISM-Oblig3\visualobject.h(25,29): warning C4100: 'dx': unreferenced formal parameter (compiling source file renderwindow.cpp)
C:\Users\Eddy-LAPTOP\Desktop\VSIM101_H22_Rulleball0\VISM-Oblig3\visualobject.h(24,29): warning C4100: 'dt': unreferenced formal parameter (compiling source file mainwindow.cpp)
C:\Users\Eddy-LAPTOP\Desktop\VSIM101_H22_Rulleball0\VISM-Oblig3\visualobject.h(25,49): warning C4100: 'dz': unreferenced formal parameter (compiling source file mainwindow.cpp)
C:\Users\Eddy-LAPTOP\Desktop\VSIM101_H22_Rulleball0\VISM-Oblig3\visualobject.h(25,39): warning C4100: 'dy': unreferenced formal parameter (compiling source file mainwindow.cpp)
C:\Users\Eddy-LAPTOP\Desktop\VSIM101_H22_Rulleball0\VISM-Oblig3\visualobject.h(25,29): warning C4100: 'dx': unreferenced formal parameter (compiling source file mainwindow.cpp)
C:\Users\Eddy-LAPTOP\Desktop\VSIM101_H22_Rulleball0\VISM-Oblig3\renderwindow.cpp(157,51): warning C4305: 'argument': truncation from 'double' to 'float'
C:\Users\Eddy-LAPTOP\Desktop\VSIM101_H22_Rulleball0\VISM-Oblig3\renderwindow.cpp(283,22): warning C4305: '-=': truncation from 'double' to 'float'
C:\Users\Eddy-LAPTOP\Desktop\VSIM101_H22_Rulleball0\VISM-Oblig3\renderwindow.cpp(285,22): warning C4305: '+=': truncation from 'double' to 'float'
C:\Users\Eddy-LAPTOP\Desktop\VSIM101_H22_Rulleball0\VISM-Oblig3\renderwindow.cpp(287,22): warning C4305: '+=': truncation from 'double' to 'float'
C:\Users\Eddy-LAPTOP\Desktop\VSIM101_H22_Rulleball0\VISM-Oblig3\renderwindow.cpp(289,22): warning C4305: '-=': truncation from 'double' to 'float'
C:\Users\Eddy-LAPTOP\Desktop\VSIM101_H22_Rulleball0\VISM-Oblig3\renderwindow.cpp(291,22): warning C4305: '+=': truncation from 'double' to 'float'
C:\Users\Eddy-LAPTOP\Desktop\VSIM101_H22_Rulleball0\VISM-Oblig3\renderwindow.cpp(293,22): warning C4305: '-=': truncation from 'double' to 'float'
  moc_mainwindow.cpp
  moc_renderwindow.cpp
C:\Users\Eddy-LAPTOP\Desktop\VSIM101_H22_Rulleball0\VISM-Oblig3\visualobject.h(24,29): warning C4100: 'dt': unreferenced formal parameter (compiling source file Debug\moc_renderwindow.cpp)
C:\Users\Eddy-LAPTOP\Desktop\VSIM101_H22_Rulleball0\VISM-Oblig3\visualobject.h(25,49): warning C4100: 'dz': unreferenced formal parameter (compiling source file Debug\moc_renderwindow.cpp)
C:\Users\Eddy-LAPTOP\Desktop\VSIM101_H22_Rulleball0\VISM-Oblig3\visualobject.h(25,39): warning C4100: 'dy': unreferenced formal parameter (compiling source file Debug\moc_renderwindow.cpp)
C:\Users\Eddy-LAPTOP\Desktop\VSIM101_H22_Rulleball0\VISM-Oblig3\visualobject.h(25,29): warning C4100: 'dx': unreferenced formal parameter (compiling source file Debug\moc_renderwindow.cpp)
  VSIM101_H22_Rulleball_0.vcxproj -> C:\Users\Eddy-LAPTOP\Desktop\VSIM101_H22_Rulleball0\VISM-Oblig3\debug\VSIM101_H22_Rulleball_0.exe
